[2018-10-08 08:39:37,936: INFO/MainProcess] Connected to redis://redis:6379/0
[2018-10-08 08:39:37,948: INFO/MainProcess] mingle: searching for neighbors
[2018-10-08 08:39:38,974: INFO/MainProcess] mingle: all alone
[2018-10-08 08:39:38,989: INFO/MainProcess] celery@e2f0f2121cef ready.
[2018-10-08 08:40:10,716: INFO/MainProcess] Connected to redis://redis:6379/0
[2018-10-08 08:40:10,729: INFO/MainProcess] mingle: searching for neighbors
[2018-10-08 08:40:11,757: INFO/MainProcess] mingle: all alone
[2018-10-08 08:40:11,773: INFO/MainProcess] celery@7b8b322f74a4 ready.
[2018-10-08 08:40:43,410: INFO/MainProcess] Connected to redis://redis:6379/0
[2018-10-08 08:40:43,421: INFO/MainProcess] mingle: searching for neighbors
[2018-10-08 08:40:44,445: INFO/MainProcess] mingle: all alone
[2018-10-08 08:40:44,461: INFO/MainProcess] celery@27c23aeccae8 ready.
[2018-10-08 08:43:11,903: INFO/MainProcess] Connected to redis://redis:6379/0
[2018-10-08 08:43:11,915: INFO/MainProcess] mingle: searching for neighbors
[2018-10-08 08:43:12,938: INFO/MainProcess] mingle: all alone
[2018-10-08 08:43:12,953: INFO/MainProcess] celery@ed92cf7437ce ready.
[2018-10-08 08:43:30,083: INFO/MainProcess] Connected to redis://redis:6379/0
[2018-10-08 08:43:30,096: INFO/MainProcess] mingle: searching for neighbors
[2018-10-08 08:43:31,118: INFO/MainProcess] mingle: all alone
[2018-10-08 08:43:31,133: INFO/MainProcess] celery@f4d4900116b0 ready.
[2018-10-08 08:44:37,767: INFO/MainProcess] Connected to redis://redis:6379/0
[2018-10-08 08:44:37,779: INFO/MainProcess] mingle: searching for neighbors
[2018-10-08 08:44:38,801: INFO/MainProcess] mingle: all alone
[2018-10-08 08:44:38,817: INFO/MainProcess] celery@32290be9672e ready.
[2018-10-08 08:44:42,692: INFO/MainProcess] Events of group {task} enabled by remote.
[2018-10-08 08:45:06,841: INFO/MainProcess] Received task: model_task[b426e74c-cdf4-4558-b03a-5d5b8cbf1c38]  
[2018-10-08 08:45:06,844: INFO/ForkPoolWorker-1] Calling model: 2
[2018-10-08 08:45:08,849: INFO/ForkPoolWorker-1] 1
[2018-10-08 08:45:08,857: INFO/ForkPoolWorker-1] Task model_task[b426e74c-cdf4-4558-b03a-5d5b8cbf1c38] succeeded in 2.0123695000074804s: 3
[2018-10-08 08:49:39,462: INFO/MainProcess] Connected to redis://redis:6379/0
[2018-10-08 08:49:39,475: INFO/MainProcess] mingle: searching for neighbors
[2018-10-08 08:49:40,497: INFO/MainProcess] mingle: all alone
[2018-10-08 08:49:40,511: INFO/MainProcess] celery@8ea9202bbe58 ready.
[2018-10-08 08:49:43,949: INFO/MainProcess] Received task: task_with_a_model[d1b3d3de-5576-476b-b76e-feddfbd349d4]  
[2018-10-08 08:49:44,327: INFO/MainProcess] Events of group {task} enabled by remote.
[2018-10-08 08:49:45,962: INFO/ForkPoolWorker-1] Task task_with_a_model[d1b3d3de-5576-476b-b76e-feddfbd349d4] succeeded in 2.0095241999952123s: 3
